<?xml version="1.0" encoding="UTF-8"?>
<testsuite xmlns:xsi="http://www.w3.org/2001/XMLSchema-instance" xsi:noNamespaceSchemaLocation="https://maven.apache.org/surefire/maven-surefire-plugin/xsd/surefire-test-report-3.0.xsd" version="3.0" name="put.io.selenium.atm.AtmCardInfoTest" time="0.086" tests="6" errors="0" skipped="0" failures="0">
  <properties>
    <property name="java.specification.version" value="19"/>
    <property name="sun.jnu.encoding" value="UTF-8"/>
    <property name="java.class.path" value="/home/free-rat/Uni/io/integracja_ant_maven/ci-project/Maven/bank-zbozowy-mvn/target/test-classes:/home/free-rat/Uni/io/integracja_ant_maven/ci-project/Maven/bank-zbozowy-mvn/target/classes:/home/free-rat/.m2/repository/freemarker/freemarker/2.3.1/freemarker-2.3.1.jar:/home/free-rat/.m2/repository/javax/servlet/servlet-api/2.5/servlet-api-2.5.jar:/home/free-rat/.m2/repository/junit/junit/4.12/junit-4.12.jar:/home/free-rat/.m2/repository/org/hamcrest/hamcrest-core/1.3/hamcrest-core-1.3.jar:"/>
    <property name="java.vm.vendor" value="Oracle Corporation"/>
    <property name="sun.arch.data.model" value="64"/>
    <property name="java.vendor.url" value="https://openjdk.java.net/"/>
    <property name="os.name" value="Linux"/>
    <property name="java.vm.specification.version" value="19"/>
    <property name="sun.java.launcher" value="SUN_STANDARD"/>
    <property name="user.country" value="US"/>
    <property name="sun.boot.library.path" value="/nix/store/7c2ksq340xg06jmym46fzd0rbxphlzm3-openjdk-19.0.2+7/lib/openjdk/lib"/>
    <property name="sun.java.command" value="/home/free-rat/Uni/io/integracja_ant_maven/ci-project/Maven/bank-zbozowy-mvn/target/surefire/surefirebooter-20231023104813101_3.jar /home/free-rat/Uni/io/integracja_ant_maven/ci-project/Maven/bank-zbozowy-mvn/target/surefire 2023-10-23T10-48-12_979-jvmRun1 surefire-20231023104813101_1tmp surefire_0-20231023104813101_2tmp"/>
    <property name="jdk.debug" value="release"/>
    <property name="surefire.test.class.path" value="/home/free-rat/Uni/io/integracja_ant_maven/ci-project/Maven/bank-zbozowy-mvn/target/test-classes:/home/free-rat/Uni/io/integracja_ant_maven/ci-project/Maven/bank-zbozowy-mvn/target/classes:/home/free-rat/.m2/repository/freemarker/freemarker/2.3.1/freemarker-2.3.1.jar:/home/free-rat/.m2/repository/javax/servlet/servlet-api/2.5/servlet-api-2.5.jar:/home/free-rat/.m2/repository/junit/junit/4.12/junit-4.12.jar:/home/free-rat/.m2/repository/org/hamcrest/hamcrest-core/1.3/hamcrest-core-1.3.jar:"/>
    <property name="sun.cpu.endian" value="little"/>
    <property name="user.home" value="/home/free-rat"/>
    <property name="user.language" value="en"/>
    <property name="java.specification.vendor" value="Oracle Corporation"/>
    <property name="java.version.date" value="2023-01-17"/>
    <property name="java.home" value="/nix/store/7c2ksq340xg06jmym46fzd0rbxphlzm3-openjdk-19.0.2+7/lib/openjdk"/>
    <property name="file.separator" value="/"/>
    <property name="basedir" value="/home/free-rat/Uni/io/integracja_ant_maven/ci-project/Maven/bank-zbozowy-mvn"/>
    <property name="java.vm.compressedOopsMode" value="Zero based"/>
    <property name="line.separator" value="&#10;"/>
    <property name="java.specification.name" value="Java Platform API Specification"/>
    <property name="java.vm.specification.vendor" value="Oracle Corporation"/>
    <property name="surefire.real.class.path" value="/home/free-rat/Uni/io/integracja_ant_maven/ci-project/Maven/bank-zbozowy-mvn/target/surefire/surefirebooter-20231023104813101_3.jar"/>
    <property name="sun.management.compiler" value="HotSpot 64-Bit Tiered Compilers"/>
    <property name="java.runtime.version" value="19.0.2+7-nixos"/>
    <property name="user.name" value="free-rat"/>
    <property name="stdout.encoding" value="UTF-8"/>
    <property name="path.separator" value=":"/>
    <property name="os.version" value="6.5.7-arch1-1"/>
    <property name="java.runtime.name" value="OpenJDK Runtime Environment"/>
    <property name="file.encoding" value="UTF-8"/>
    <property name="java.vm.name" value="OpenJDK 64-Bit Server VM"/>
    <property name="localRepository" value="/home/free-rat/.m2/repository"/>
    <property name="java.vendor.url.bug" value="https://bugreport.java.com/bugreport/"/>
    <property name="java.io.tmpdir" value="/tmp"/>
    <property name="java.version" value="19.0.2"/>
    <property name="user.dir" value="/home/free-rat/Uni/io/integracja_ant_maven/ci-project/Maven/bank-zbozowy-mvn"/>
    <property name="os.arch" value="amd64"/>
    <property name="java.vm.specification.name" value="Java Virtual Machine Specification"/>
    <property name="native.encoding" value="UTF-8"/>
    <property name="java.library.path" value="/usr/java/packages/lib:/usr/lib64:/lib64:/lib:/usr/lib"/>
    <property name="java.vm.info" value="mixed mode, sharing"/>
    <property name="stderr.encoding" value="UTF-8"/>
    <property name="java.vendor" value="N/A"/>
    <property name="java.vm.version" value="19.0.2+7-nixos"/>
    <property name="sun.io.unicode.encoding" value="UnicodeLittle"/>
    <property name="java.class.version" value="63.0"/>
  </properties>
  <testcase name="testTryPinIncorrect" classname="put.io.selenium.atm.AtmCardInfoTest" time="0.007"/>
  <testcase name="testTryPinCorrect" classname="put.io.selenium.atm.AtmCardInfoTest" time="0.0"/>
  <testcase name="testTryWithdraw" classname="put.io.selenium.atm.AtmCardInfoTest" time="0.0"/>
  <testcase name="testTryPinCardLocked" classname="put.io.selenium.atm.AtmCardInfoTest" time="0.002"/>
  <testcase name="testCardOut" classname="put.io.selenium.atm.AtmCardInfoTest" time="0.0"/>
  <testcase name="testCardIn" classname="put.io.selenium.atm.AtmCardInfoTest" time="0.0"/>
</testsuite>